29-Oct-2025 12:33:27.512 INFORMATION [main] org.apache.catalina.core.ApplicationContext.log ContextListener: contextInitialized()
29-Oct-2025 12:33:27.512 INFORMATION [main] org.apache.catalina.core.ApplicationContext.log SessionListener: contextInitialized()
29-Oct-2025 12:33:27.515 INFORMATION [main] org.apache.catalina.core.ApplicationContext.log ContextListener: attributeAdded('StockTicker', 'async.Stockticker@6c18cf67')
29-Oct-2025 12:40:59.740 INFORMATION [main] org.apache.catalina.core.ApplicationContext.log ContextListener: contextInitialized()
29-Oct-2025 12:40:59.741 INFORMATION [main] org.apache.catalina.core.ApplicationContext.log SessionListener: contextInitialized()
29-Oct-2025 12:40:59.742 INFORMATION [main] org.apache.catalina.core.ApplicationContext.log ContextListener: attributeAdded('StockTicker', 'async.Stockticker@623eebca')
29-Oct-2025 12:50:52.025 INFORMATION [main] org.apache.catalina.core.ApplicationContext.log ContextListener: contextInitialized()
29-Oct-2025 12:50:52.025 INFORMATION [main] org.apache.catalina.core.ApplicationContext.log SessionListener: contextInitialized()
29-Oct-2025 12:50:52.026 INFORMATION [main] org.apache.catalina.core.ApplicationContext.log ContextListener: attributeAdded('StockTicker', 'async.Stockticker@47db20e0')
29-Oct-2025 12:56:20.959 INFORMATION [main] org.apache.catalina.core.ApplicationContext.log ContextListener: contextInitialized()
29-Oct-2025 12:56:20.959 INFORMATION [main] org.apache.catalina.core.ApplicationContext.log SessionListener: contextInitialized()
29-Oct-2025 12:56:20.961 INFORMATION [main] org.apache.catalina.core.ApplicationContext.log ContextListener: attributeAdded('StockTicker', 'async.Stockticker@5bcda4a6')
29-Oct-2025 14:04:51.989 INFORMATION [main] org.apache.catalina.core.ApplicationContext.log ContextListener: contextInitialized()
29-Oct-2025 14:04:51.990 INFORMATION [main] org.apache.catalina.core.ApplicationContext.log SessionListener: contextInitialized()
29-Oct-2025 14:04:51.991 INFORMATION [main] org.apache.catalina.core.ApplicationContext.log ContextListener: attributeAdded('StockTicker', 'async.Stockticker@5827908c')
29-Oct-2025 14:05:23.562 SCHWERWIEGEND [http-nio-8080-exec-5] org.apache.catalina.core.StandardWrapperValve.invoke Servlet.service() for servlet [Faces Servlet] in context with path [/ghost-net-fishing] threw exception [Error Parsing /report.xhtml: Error Traced[line: 72] Wert des Attributs "itemValue", das mit Elementtyp "f:selectItem" verknüpft ist, darf nicht das Zeichen "<" enthalten.] with root cause
	jakarta.faces.view.facelets.FaceletException: Error Parsing /report.xhtml: Error Traced[line: 72] Wert des Attributs "itemValue", das mit Elementtyp "f:selectItem" verknüpft ist, darf nicht das Zeichen "<" enthalten.
		at com.sun.faces.facelets.compiler.SAXCompiler.doCompile(SAXCompiler.java:403)
		at com.sun.faces.facelets.compiler.SAXCompiler.doMetadataCompile(SAXCompiler.java:391)
		at com.sun.faces.facelets.compiler.Compiler.metadataCompile(Compiler.java:84)
		at com.sun.faces.facelets.impl.DefaultFaceletFactory.createMetadataFacelet(DefaultFaceletFactory.java:422)
		at com.sun.faces.facelets.impl.DefaultFaceletFactory.lambda$initCache$1(DefaultFaceletFactory.java:153)
		at com.sun.faces.facelets.impl.DefaultFaceletCache.lambda$new$1(DefaultFaceletCache.java:65)
		at com.sun.faces.util.ExpiringConcurrentCache.lambda$get$0(ExpiringConcurrentCache.java:75)
		at java.base/java.util.concurrent.FutureTask.run(FutureTask.java:264)
		at com.sun.faces.util.ExpiringConcurrentCache.get(ExpiringConcurrentCache.java:88)
		at com.sun.faces.facelets.impl.DefaultFaceletCache.getViewMetadataFacelet(DefaultFaceletCache.java:106)
		at com.sun.faces.facelets.impl.DefaultFaceletCache.getViewMetadataFacelet(DefaultFaceletCache.java:36)
		at com.sun.faces.facelets.impl.DefaultFaceletFactory.getMetadataFacelet(DefaultFaceletFactory.java:247)
		at com.sun.faces.facelets.impl.DefaultFaceletFactory.getMetadataFacelet(DefaultFaceletFactory.java:181)
		at com.sun.faces.application.view.ViewMetadataImpl.createMetadataView(ViewMetadataImpl.java:116)
		at com.sun.faces.lifecycle.RestoreViewPhase.execute(RestoreViewPhase.java:188)
		at com.sun.faces.lifecycle.Phase.doPhase(Phase.java:72)
		at com.sun.faces.lifecycle.RestoreViewPhase.doPhase(RestoreViewPhase.java:92)
		at com.sun.faces.lifecycle.LifecycleImpl.execute(LifecycleImpl.java:159)
		at jakarta.faces.webapp.FacesServlet.executeLifecyle(FacesServlet.java:677)
		at jakarta.faces.webapp.FacesServlet.service(FacesServlet.java:435)
		at org.apache.catalina.core.ApplicationFilterChain.internalDoFilter(ApplicationFilterChain.java:193)
		at org.apache.catalina.core.ApplicationFilterChain.doFilter(ApplicationFilterChain.java:138)
		at org.apache.tomcat.websocket.server.WsFilter.doFilter(WsFilter.java:51)
		at org.apache.catalina.core.ApplicationFilterChain.internalDoFilter(ApplicationFilterChain.java:162)
		at org.apache.catalina.core.ApplicationFilterChain.doFilter(ApplicationFilterChain.java:138)
		at org.apache.catalina.core.StandardWrapperValve.invoke(StandardWrapperValve.java:165)
		at org.apache.catalina.core.StandardContextValve.invoke(StandardContextValve.java:88)
		at org.apache.catalina.authenticator.AuthenticatorBase.invoke(AuthenticatorBase.java:482)
		at org.apache.catalina.core.StandardHostValve.invoke(StandardHostValve.java:113)
		at org.apache.catalina.valves.ErrorReportValve.invoke(ErrorReportValve.java:90)
		at org.apache.catalina.valves.AbstractAccessLogValve.invoke(AbstractAccessLogValve.java:664)
		at org.apache.catalina.core.StandardEngineValve.invoke(StandardEngineValve.java:72)
		at org.apache.catalina.connector.CoyoteAdapter.service(CoyoteAdapter.java:342)
		at org.apache.coyote.http11.Http11Processor.service(Http11Processor.java:399)
		at org.apache.coyote.AbstractProcessorLight.process(AbstractProcessorLight.java:63)
		at org.apache.coyote.AbstractProtocol$ConnectionHandler.process(AbstractProtocol.java:903)
		at org.apache.tomcat.util.net.NioEndpoint$SocketProcessor.doRun(NioEndpoint.java:1776)
		at org.apache.tomcat.util.net.SocketProcessorBase.run(SocketProcessorBase.java:52)
		at org.apache.tomcat.util.threads.ThreadPoolExecutor.runWorker(ThreadPoolExecutor.java:975)
		at org.apache.tomcat.util.threads.ThreadPoolExecutor$Worker.run(ThreadPoolExecutor.java:493)
		at org.apache.tomcat.util.threads.TaskThread$WrappingRunnable.run(TaskThread.java:63)
		at java.base/java.lang.Thread.run(Thread.java:829)
29-Oct-2025 14:43:50.051 INFORMATION [main] org.apache.catalina.core.ApplicationContext.log ContextListener: contextInitialized()
29-Oct-2025 14:43:50.051 INFORMATION [main] org.apache.catalina.core.ApplicationContext.log SessionListener: contextInitialized()
29-Oct-2025 14:43:50.053 INFORMATION [main] org.apache.catalina.core.ApplicationContext.log ContextListener: attributeAdded('StockTicker', 'async.Stockticker@510cefb6')
29-Oct-2025 14:47:45.553 INFORMATION [main] org.apache.catalina.core.ApplicationContext.log ContextListener: contextInitialized()
29-Oct-2025 14:47:45.553 INFORMATION [main] org.apache.catalina.core.ApplicationContext.log SessionListener: contextInitialized()
29-Oct-2025 14:47:45.554 INFORMATION [main] org.apache.catalina.core.ApplicationContext.log ContextListener: attributeAdded('StockTicker', 'async.Stockticker@41a4135e')
29-Oct-2025 14:57:41.886 INFORMATION [main] org.apache.catalina.core.ApplicationContext.log ContextListener: contextInitialized()
29-Oct-2025 14:57:41.886 INFORMATION [main] org.apache.catalina.core.ApplicationContext.log SessionListener: contextInitialized()
29-Oct-2025 14:57:41.887 INFORMATION [main] org.apache.catalina.core.ApplicationContext.log ContextListener: attributeAdded('StockTicker', 'async.Stockticker@119d21ce')
29-Oct-2025 14:58:32.124 SCHWERWIEGEND [http-nio-8080-exec-4] org.apache.catalina.core.StandardWrapperValve.invoke Servlet.service() for servlet [Faces Servlet] in context with path [/ghost-net-fishing] threw exception [Error Parsing /index.xhtml: Error Traced[line: 1] Leerstelle nach "<!DOCTYPE" in der Dokumenttypdeklaration erforderlich.] with root cause
	jakarta.faces.view.facelets.FaceletException: Error Parsing /index.xhtml: Error Traced[line: 1] Leerstelle nach "<!DOCTYPE" in der Dokumenttypdeklaration erforderlich.
		at com.sun.faces.facelets.compiler.SAXCompiler.doCompile(SAXCompiler.java:403)
		at com.sun.faces.facelets.compiler.SAXCompiler.doMetadataCompile(SAXCompiler.java:391)
		at com.sun.faces.facelets.compiler.Compiler.metadataCompile(Compiler.java:84)
		at com.sun.faces.facelets.impl.DefaultFaceletFactory.createMetadataFacelet(DefaultFaceletFactory.java:422)
		at com.sun.faces.facelets.impl.DefaultFaceletFactory.lambda$initCache$1(DefaultFaceletFactory.java:153)
		at com.sun.faces.facelets.impl.DefaultFaceletCache.lambda$new$1(DefaultFaceletCache.java:65)
		at com.sun.faces.util.ExpiringConcurrentCache.lambda$get$0(ExpiringConcurrentCache.java:75)
		at java.base/java.util.concurrent.FutureTask.run(FutureTask.java:264)
		at com.sun.faces.util.ExpiringConcurrentCache.get(ExpiringConcurrentCache.java:88)
		at com.sun.faces.facelets.impl.DefaultFaceletCache.getViewMetadataFacelet(DefaultFaceletCache.java:106)
		at com.sun.faces.facelets.impl.DefaultFaceletCache.getViewMetadataFacelet(DefaultFaceletCache.java:36)
		at com.sun.faces.facelets.impl.DefaultFaceletFactory.getMetadataFacelet(DefaultFaceletFactory.java:247)
		at com.sun.faces.facelets.impl.DefaultFaceletFactory.getMetadataFacelet(DefaultFaceletFactory.java:181)
		at com.sun.faces.application.view.ViewMetadataImpl.createMetadataView(ViewMetadataImpl.java:116)
		at com.sun.faces.lifecycle.RestoreViewPhase.execute(RestoreViewPhase.java:188)
		at com.sun.faces.lifecycle.Phase.doPhase(Phase.java:72)
		at com.sun.faces.lifecycle.RestoreViewPhase.doPhase(RestoreViewPhase.java:92)
		at com.sun.faces.lifecycle.LifecycleImpl.execute(LifecycleImpl.java:159)
		at jakarta.faces.webapp.FacesServlet.executeLifecyle(FacesServlet.java:677)
		at jakarta.faces.webapp.FacesServlet.service(FacesServlet.java:435)
		at org.apache.catalina.core.ApplicationFilterChain.internalDoFilter(ApplicationFilterChain.java:193)
		at org.apache.catalina.core.ApplicationFilterChain.doFilter(ApplicationFilterChain.java:138)
		at org.apache.tomcat.websocket.server.WsFilter.doFilter(WsFilter.java:51)
		at org.apache.catalina.core.ApplicationFilterChain.internalDoFilter(ApplicationFilterChain.java:162)
		at org.apache.catalina.core.ApplicationFilterChain.doFilter(ApplicationFilterChain.java:138)
		at org.apache.catalina.core.StandardWrapperValve.invoke(StandardWrapperValve.java:165)
		at org.apache.catalina.core.StandardContextValve.invoke(StandardContextValve.java:88)
		at org.apache.catalina.authenticator.AuthenticatorBase.invoke(AuthenticatorBase.java:482)
		at org.apache.catalina.core.StandardHostValve.invoke(StandardHostValve.java:113)
		at org.apache.catalina.valves.ErrorReportValve.invoke(ErrorReportValve.java:90)
		at org.apache.catalina.valves.AbstractAccessLogValve.invoke(AbstractAccessLogValve.java:664)
		at org.apache.catalina.core.StandardEngineValve.invoke(StandardEngineValve.java:72)
		at org.apache.catalina.connector.CoyoteAdapter.service(CoyoteAdapter.java:342)
		at org.apache.coyote.http11.Http11Processor.service(Http11Processor.java:399)
		at org.apache.coyote.AbstractProcessorLight.process(AbstractProcessorLight.java:63)
		at org.apache.coyote.AbstractProtocol$ConnectionHandler.process(AbstractProtocol.java:903)
		at org.apache.tomcat.util.net.NioEndpoint$SocketProcessor.doRun(NioEndpoint.java:1776)
		at org.apache.tomcat.util.net.SocketProcessorBase.run(SocketProcessorBase.java:52)
		at org.apache.tomcat.util.threads.ThreadPoolExecutor.runWorker(ThreadPoolExecutor.java:975)
		at org.apache.tomcat.util.threads.ThreadPoolExecutor$Worker.run(ThreadPoolExecutor.java:493)
		at org.apache.tomcat.util.threads.TaskThread$WrappingRunnable.run(TaskThread.java:63)
		at java.base/java.lang.Thread.run(Thread.java:829)
29-Oct-2025 14:58:39.898 SCHWERWIEGEND [http-nio-8080-exec-7] org.apache.catalina.core.StandardWrapperValve.invoke Servlet.service() for servlet [Faces Servlet] in context with path [/ghost-net-fishing] threw exception [Error Parsing /index.xhtml: Error Traced[line: 1] Leerstelle nach "<!DOCTYPE" in der Dokumenttypdeklaration erforderlich.] with root cause
	jakarta.faces.view.facelets.FaceletException: Error Parsing /index.xhtml: Error Traced[line: 1] Leerstelle nach "<!DOCTYPE" in der Dokumenttypdeklaration erforderlich.
		at com.sun.faces.facelets.compiler.SAXCompiler.doCompile(SAXCompiler.java:403)
		at com.sun.faces.facelets.compiler.SAXCompiler.doMetadataCompile(SAXCompiler.java:391)
		at com.sun.faces.facelets.compiler.Compiler.metadataCompile(Compiler.java:84)
		at com.sun.faces.facelets.impl.DefaultFaceletFactory.createMetadataFacelet(DefaultFaceletFactory.java:422)
		at com.sun.faces.facelets.impl.DefaultFaceletFactory.lambda$initCache$1(DefaultFaceletFactory.java:153)
		at com.sun.faces.facelets.impl.DefaultFaceletCache.lambda$new$1(DefaultFaceletCache.java:65)
		at com.sun.faces.util.ExpiringConcurrentCache.lambda$get$0(ExpiringConcurrentCache.java:75)
		at java.base/java.util.concurrent.FutureTask.run(FutureTask.java:264)
		at com.sun.faces.util.ExpiringConcurrentCache.get(ExpiringConcurrentCache.java:88)
		at com.sun.faces.facelets.impl.DefaultFaceletCache.getViewMetadataFacelet(DefaultFaceletCache.java:106)
		at com.sun.faces.facelets.impl.DefaultFaceletCache.getViewMetadataFacelet(DefaultFaceletCache.java:36)
		at com.sun.faces.facelets.impl.DefaultFaceletFactory.getMetadataFacelet(DefaultFaceletFactory.java:247)
		at com.sun.faces.facelets.impl.DefaultFaceletFactory.getMetadataFacelet(DefaultFaceletFactory.java:181)
		at com.sun.faces.application.view.ViewMetadataImpl.createMetadataView(ViewMetadataImpl.java:116)
		at com.sun.faces.lifecycle.RestoreViewPhase.execute(RestoreViewPhase.java:188)
		at com.sun.faces.lifecycle.Phase.doPhase(Phase.java:72)
		at com.sun.faces.lifecycle.RestoreViewPhase.doPhase(RestoreViewPhase.java:92)
		at com.sun.faces.lifecycle.LifecycleImpl.execute(LifecycleImpl.java:159)
		at jakarta.faces.webapp.FacesServlet.executeLifecyle(FacesServlet.java:677)
		at jakarta.faces.webapp.FacesServlet.service(FacesServlet.java:435)
		at org.apache.catalina.core.ApplicationFilterChain.internalDoFilter(ApplicationFilterChain.java:193)
		at org.apache.catalina.core.ApplicationFilterChain.doFilter(ApplicationFilterChain.java:138)
		at org.apache.tomcat.websocket.server.WsFilter.doFilter(WsFilter.java:51)
		at org.apache.catalina.core.ApplicationFilterChain.internalDoFilter(ApplicationFilterChain.java:162)
		at org.apache.catalina.core.ApplicationFilterChain.doFilter(ApplicationFilterChain.java:138)
		at org.apache.catalina.core.StandardWrapperValve.invoke(StandardWrapperValve.java:165)
		at org.apache.catalina.core.StandardContextValve.invoke(StandardContextValve.java:88)
		at org.apache.catalina.authenticator.AuthenticatorBase.invoke(AuthenticatorBase.java:482)
		at org.apache.catalina.core.StandardHostValve.invoke(StandardHostValve.java:113)
		at org.apache.catalina.valves.ErrorReportValve.invoke(ErrorReportValve.java:90)
		at org.apache.catalina.valves.AbstractAccessLogValve.invoke(AbstractAccessLogValve.java:664)
		at org.apache.catalina.core.StandardEngineValve.invoke(StandardEngineValve.java:72)
		at org.apache.catalina.connector.CoyoteAdapter.service(CoyoteAdapter.java:342)
		at org.apache.coyote.http11.Http11Processor.service(Http11Processor.java:399)
		at org.apache.coyote.AbstractProcessorLight.process(AbstractProcessorLight.java:63)
		at org.apache.coyote.AbstractProtocol$ConnectionHandler.process(AbstractProtocol.java:903)
		at org.apache.tomcat.util.net.NioEndpoint$SocketProcessor.doRun(NioEndpoint.java:1776)
		at org.apache.tomcat.util.net.SocketProcessorBase.run(SocketProcessorBase.java:52)
		at org.apache.tomcat.util.threads.ThreadPoolExecutor.runWorker(ThreadPoolExecutor.java:975)
		at org.apache.tomcat.util.threads.ThreadPoolExecutor$Worker.run(ThreadPoolExecutor.java:493)
		at org.apache.tomcat.util.threads.TaskThread$WrappingRunnable.run(TaskThread.java:63)
		at java.base/java.lang.Thread.run(Thread.java:829)
29-Oct-2025 14:58:47.264 SCHWERWIEGEND [http-nio-8080-exec-6] org.apache.catalina.core.StandardWrapperValve.invoke Servlet.service() for servlet [Faces Servlet] in context with path [/ghost-net-fishing] threw exception [Error Parsing /index.xhtml: Error Traced[line: 1] Leerstelle nach "<!DOCTYPE" in der Dokumenttypdeklaration erforderlich.] with root cause
	jakarta.faces.view.facelets.FaceletException: Error Parsing /index.xhtml: Error Traced[line: 1] Leerstelle nach "<!DOCTYPE" in der Dokumenttypdeklaration erforderlich.
		at com.sun.faces.facelets.compiler.SAXCompiler.doCompile(SAXCompiler.java:403)
		at com.sun.faces.facelets.compiler.SAXCompiler.doMetadataCompile(SAXCompiler.java:391)
		at com.sun.faces.facelets.compiler.Compiler.metadataCompile(Compiler.java:84)
		at com.sun.faces.facelets.impl.DefaultFaceletFactory.createMetadataFacelet(DefaultFaceletFactory.java:422)
		at com.sun.faces.facelets.impl.DefaultFaceletFactory.lambda$initCache$1(DefaultFaceletFactory.java:153)
		at com.sun.faces.facelets.impl.DefaultFaceletCache.lambda$new$1(DefaultFaceletCache.java:65)
		at com.sun.faces.util.ExpiringConcurrentCache.lambda$get$0(ExpiringConcurrentCache.java:75)
		at java.base/java.util.concurrent.FutureTask.run(FutureTask.java:264)
		at com.sun.faces.util.ExpiringConcurrentCache.get(ExpiringConcurrentCache.java:88)
		at com.sun.faces.facelets.impl.DefaultFaceletCache.getViewMetadataFacelet(DefaultFaceletCache.java:106)
		at com.sun.faces.facelets.impl.DefaultFaceletCache.getViewMetadataFacelet(DefaultFaceletCache.java:36)
		at com.sun.faces.facelets.impl.DefaultFaceletFactory.getMetadataFacelet(DefaultFaceletFactory.java:247)
		at com.sun.faces.facelets.impl.DefaultFaceletFactory.getMetadataFacelet(DefaultFaceletFactory.java:181)
		at com.sun.faces.application.view.ViewMetadataImpl.createMetadataView(ViewMetadataImpl.java:116)
		at com.sun.faces.lifecycle.RestoreViewPhase.execute(RestoreViewPhase.java:188)
		at com.sun.faces.lifecycle.Phase.doPhase(Phase.java:72)
		at com.sun.faces.lifecycle.RestoreViewPhase.doPhase(RestoreViewPhase.java:92)
		at com.sun.faces.lifecycle.LifecycleImpl.execute(LifecycleImpl.java:159)
		at jakarta.faces.webapp.FacesServlet.executeLifecyle(FacesServlet.java:677)
		at jakarta.faces.webapp.FacesServlet.service(FacesServlet.java:435)
		at org.apache.catalina.core.ApplicationFilterChain.internalDoFilter(ApplicationFilterChain.java:193)
		at org.apache.catalina.core.ApplicationFilterChain.doFilter(ApplicationFilterChain.java:138)
		at org.apache.tomcat.websocket.server.WsFilter.doFilter(WsFilter.java:51)
		at org.apache.catalina.core.ApplicationFilterChain.internalDoFilter(ApplicationFilterChain.java:162)
		at org.apache.catalina.core.ApplicationFilterChain.doFilter(ApplicationFilterChain.java:138)
		at org.apache.catalina.core.StandardWrapperValve.invoke(StandardWrapperValve.java:165)
		at org.apache.catalina.core.StandardContextValve.invoke(StandardContextValve.java:88)
		at org.apache.catalina.authenticator.AuthenticatorBase.invoke(AuthenticatorBase.java:482)
		at org.apache.catalina.core.StandardHostValve.invoke(StandardHostValve.java:113)
		at org.apache.catalina.valves.ErrorReportValve.invoke(ErrorReportValve.java:90)
		at org.apache.catalina.valves.AbstractAccessLogValve.invoke(AbstractAccessLogValve.java:664)
		at org.apache.catalina.core.StandardEngineValve.invoke(StandardEngineValve.java:72)
		at org.apache.catalina.connector.CoyoteAdapter.service(CoyoteAdapter.java:342)
		at org.apache.coyote.http11.Http11Processor.service(Http11Processor.java:399)
		at org.apache.coyote.AbstractProcessorLight.process(AbstractProcessorLight.java:63)
		at org.apache.coyote.AbstractProtocol$ConnectionHandler.process(AbstractProtocol.java:903)
		at org.apache.tomcat.util.net.NioEndpoint$SocketProcessor.doRun(NioEndpoint.java:1776)
		at org.apache.tomcat.util.net.SocketProcessorBase.run(SocketProcessorBase.java:52)
		at org.apache.tomcat.util.threads.ThreadPoolExecutor.runWorker(ThreadPoolExecutor.java:975)
		at org.apache.tomcat.util.threads.ThreadPoolExecutor$Worker.run(ThreadPoolExecutor.java:493)
		at org.apache.tomcat.util.threads.TaskThread$WrappingRunnable.run(TaskThread.java:63)
		at java.base/java.lang.Thread.run(Thread.java:829)
29-Oct-2025 15:01:19.607 INFORMATION [main] org.apache.catalina.core.ApplicationContext.log ContextListener: contextInitialized()
29-Oct-2025 15:01:19.607 INFORMATION [main] org.apache.catalina.core.ApplicationContext.log SessionListener: contextInitialized()
29-Oct-2025 15:01:19.608 INFORMATION [main] org.apache.catalina.core.ApplicationContext.log ContextListener: attributeAdded('StockTicker', 'async.Stockticker@5d796665')
29-Oct-2025 15:08:47.757 INFORMATION [main] org.apache.catalina.core.ApplicationContext.log SessionListener: contextDestroyed()
29-Oct-2025 15:08:47.757 INFORMATION [main] org.apache.catalina.core.ApplicationContext.log ContextListener: contextDestroyed()
29-Oct-2025 15:12:51.602 INFORMATION [main] org.apache.catalina.core.ApplicationContext.log ContextListener: contextInitialized()
29-Oct-2025 15:12:51.602 INFORMATION [main] org.apache.catalina.core.ApplicationContext.log SessionListener: contextInitialized()
29-Oct-2025 15:12:51.603 INFORMATION [main] org.apache.catalina.core.ApplicationContext.log ContextListener: attributeAdded('StockTicker', 'async.Stockticker@7b3489b7')
29-Oct-2025 15:26:12.950 INFORMATION [main] org.apache.catalina.core.ApplicationContext.log ContextListener: contextInitialized()
29-Oct-2025 15:26:12.950 INFORMATION [main] org.apache.catalina.core.ApplicationContext.log SessionListener: contextInitialized()
29-Oct-2025 15:26:12.952 INFORMATION [main] org.apache.catalina.core.ApplicationContext.log ContextListener: attributeAdded('StockTicker', 'async.Stockticker@7b3489b7')
29-Oct-2025 15:46:50.888 INFORMATION [main] org.apache.catalina.core.ApplicationContext.log ContextListener: contextInitialized()
29-Oct-2025 15:46:50.889 INFORMATION [main] org.apache.catalina.core.ApplicationContext.log SessionListener: contextInitialized()
29-Oct-2025 15:46:50.891 INFORMATION [main] org.apache.catalina.core.ApplicationContext.log ContextListener: attributeAdded('StockTicker', 'async.Stockticker@4c19b0a8')
29-Oct-2025 15:55:58.126 INFORMATION [main] org.apache.catalina.core.ApplicationContext.log ContextListener: contextInitialized()
29-Oct-2025 15:55:58.127 INFORMATION [main] org.apache.catalina.core.ApplicationContext.log SessionListener: contextInitialized()
29-Oct-2025 15:55:58.128 INFORMATION [main] org.apache.catalina.core.ApplicationContext.log ContextListener: attributeAdded('StockTicker', 'async.Stockticker@119d21ce')
