30-Oct-2025 11:45:36.459 INFORMATION [main] org.apache.catalina.core.ApplicationContext.log ContextListener: contextInitialized()
30-Oct-2025 11:45:36.459 INFORMATION [main] org.apache.catalina.core.ApplicationContext.log SessionListener: contextInitialized()
30-Oct-2025 11:45:36.459 INFORMATION [main] org.apache.catalina.core.ApplicationContext.log ContextListener: attributeAdded('StockTicker', 'async.Stockticker@18ea9bec')
30-Oct-2025 11:50:55.608 INFORMATION [main] org.apache.catalina.core.ApplicationContext.log SessionListener: contextDestroyed()
30-Oct-2025 11:50:55.608 INFORMATION [main] org.apache.catalina.core.ApplicationContext.log ContextListener: contextDestroyed()
30-Oct-2025 11:52:27.666 INFORMATION [main] org.apache.catalina.core.ApplicationContext.log ContextListener: contextInitialized()
30-Oct-2025 11:52:27.666 INFORMATION [main] org.apache.catalina.core.ApplicationContext.log SessionListener: contextInitialized()
30-Oct-2025 11:52:27.666 INFORMATION [main] org.apache.catalina.core.ApplicationContext.log ContextListener: attributeAdded('StockTicker', 'async.Stockticker@4096a622')
30-Oct-2025 12:06:24.734 INFORMATION [main] org.apache.catalina.core.ApplicationContext.log SessionListener: contextDestroyed()
30-Oct-2025 12:06:24.734 INFORMATION [main] org.apache.catalina.core.ApplicationContext.log ContextListener: contextDestroyed()
30-Oct-2025 12:07:47.395 INFORMATION [main] org.apache.catalina.core.ApplicationContext.log ContextListener: contextInitialized()
30-Oct-2025 12:07:47.395 INFORMATION [main] org.apache.catalina.core.ApplicationContext.log SessionListener: contextInitialized()
30-Oct-2025 12:07:47.395 INFORMATION [main] org.apache.catalina.core.ApplicationContext.log ContextListener: attributeAdded('StockTicker', 'async.Stockticker@7b3489b7')
30-Oct-2025 12:14:53.601 INFORMATION [main] org.apache.catalina.core.ApplicationContext.log SessionListener: contextDestroyed()
30-Oct-2025 12:14:53.601 INFORMATION [main] org.apache.catalina.core.ApplicationContext.log ContextListener: contextDestroyed()
30-Oct-2025 12:15:37.558 INFORMATION [main] org.apache.catalina.core.ApplicationContext.log ContextListener: contextInitialized()
30-Oct-2025 12:15:37.558 INFORMATION [main] org.apache.catalina.core.ApplicationContext.log SessionListener: contextInitialized()
30-Oct-2025 12:15:37.558 INFORMATION [main] org.apache.catalina.core.ApplicationContext.log ContextListener: attributeAdded('StockTicker', 'async.Stockticker@4096a622')
30-Oct-2025 12:15:45.824 SCHWERWIEGEND [http-nio-8080-exec-1] org.apache.catalina.core.StandardWrapperValve.invoke Servlet.service() for servlet [Faces Servlet] in context with path [/ghost-net-fishing] threw exception [Error Parsing /map.xhtml: Error Traced[line: 48] Auf "&" in der Entityreferenz muss umgehend der Entityname folgen.] with root cause
	jakarta.faces.view.facelets.FaceletException: Error Parsing /map.xhtml: Error Traced[line: 48] Auf "&" in der Entityreferenz muss umgehend der Entityname folgen.
		at com.sun.faces.facelets.compiler.SAXCompiler.doCompile(SAXCompiler.java:403)
		at com.sun.faces.facelets.compiler.SAXCompiler.doMetadataCompile(SAXCompiler.java:391)
		at com.sun.faces.facelets.compiler.Compiler.metadataCompile(Compiler.java:84)
		at com.sun.faces.facelets.impl.DefaultFaceletFactory.createMetadataFacelet(DefaultFaceletFactory.java:422)
		at com.sun.faces.facelets.impl.DefaultFaceletFactory.lambda$initCache$1(DefaultFaceletFactory.java:153)
		at com.sun.faces.facelets.impl.DefaultFaceletCache.lambda$new$1(DefaultFaceletCache.java:65)
		at com.sun.faces.util.ExpiringConcurrentCache.lambda$get$0(ExpiringConcurrentCache.java:75)
		at java.base/java.util.concurrent.FutureTask.run(FutureTask.java:264)
		at com.sun.faces.util.ExpiringConcurrentCache.get(ExpiringConcurrentCache.java:88)
		at com.sun.faces.facelets.impl.DefaultFaceletCache.getViewMetadataFacelet(DefaultFaceletCache.java:106)
		at com.sun.faces.facelets.impl.DefaultFaceletCache.getViewMetadataFacelet(DefaultFaceletCache.java:36)
		at com.sun.faces.facelets.impl.DefaultFaceletFactory.getMetadataFacelet(DefaultFaceletFactory.java:247)
		at com.sun.faces.facelets.impl.DefaultFaceletFactory.getMetadataFacelet(DefaultFaceletFactory.java:181)
		at com.sun.faces.application.view.ViewMetadataImpl.createMetadataView(ViewMetadataImpl.java:116)
		at com.sun.faces.lifecycle.RestoreViewPhase.execute(RestoreViewPhase.java:188)
		at com.sun.faces.lifecycle.Phase.doPhase(Phase.java:72)
		at com.sun.faces.lifecycle.RestoreViewPhase.doPhase(RestoreViewPhase.java:92)
		at com.sun.faces.lifecycle.LifecycleImpl.execute(LifecycleImpl.java:159)
		at jakarta.faces.webapp.FacesServlet.executeLifecyle(FacesServlet.java:677)
		at jakarta.faces.webapp.FacesServlet.service(FacesServlet.java:435)
		at org.apache.catalina.core.ApplicationFilterChain.internalDoFilter(ApplicationFilterChain.java:193)
		at org.apache.catalina.core.ApplicationFilterChain.doFilter(ApplicationFilterChain.java:138)
		at org.apache.tomcat.websocket.server.WsFilter.doFilter(WsFilter.java:51)
		at org.apache.catalina.core.ApplicationFilterChain.internalDoFilter(ApplicationFilterChain.java:162)
		at org.apache.catalina.core.ApplicationFilterChain.doFilter(ApplicationFilterChain.java:138)
		at org.apache.catalina.core.StandardWrapperValve.invoke(StandardWrapperValve.java:165)
		at org.apache.catalina.core.StandardContextValve.invoke(StandardContextValve.java:88)
		at org.apache.catalina.authenticator.AuthenticatorBase.invoke(AuthenticatorBase.java:482)
		at org.apache.catalina.core.StandardHostValve.invoke(StandardHostValve.java:113)
		at org.apache.catalina.valves.ErrorReportValve.invoke(ErrorReportValve.java:90)
		at org.apache.catalina.valves.AbstractAccessLogValve.invoke(AbstractAccessLogValve.java:664)
		at org.apache.catalina.core.StandardEngineValve.invoke(StandardEngineValve.java:72)
		at org.apache.catalina.connector.CoyoteAdapter.service(CoyoteAdapter.java:342)
		at org.apache.coyote.http11.Http11Processor.service(Http11Processor.java:399)
		at org.apache.coyote.AbstractProcessorLight.process(AbstractProcessorLight.java:63)
		at org.apache.coyote.AbstractProtocol$ConnectionHandler.process(AbstractProtocol.java:903)
		at org.apache.tomcat.util.net.NioEndpoint$SocketProcessor.doRun(NioEndpoint.java:1776)
		at org.apache.tomcat.util.net.SocketProcessorBase.run(SocketProcessorBase.java:52)
		at org.apache.tomcat.util.threads.ThreadPoolExecutor.runWorker(ThreadPoolExecutor.java:975)
		at org.apache.tomcat.util.threads.ThreadPoolExecutor$Worker.run(ThreadPoolExecutor.java:493)
		at org.apache.tomcat.util.threads.TaskThread$WrappingRunnable.run(TaskThread.java:63)
		at java.base/java.lang.Thread.run(Thread.java:829)
30-Oct-2025 12:16:20.179 SCHWERWIEGEND [http-nio-8080-exec-9] org.apache.catalina.core.StandardWrapperValve.invoke Servlet.service() for servlet [Faces Servlet] in context with path [/ghost-net-fishing] threw exception [Error Parsing /map.xhtml: Error Traced[line: 48] Auf "&" in der Entityreferenz muss umgehend der Entityname folgen.] with root cause
	jakarta.faces.view.facelets.FaceletException: Error Parsing /map.xhtml: Error Traced[line: 48] Auf "&" in der Entityreferenz muss umgehend der Entityname folgen.
		at com.sun.faces.facelets.compiler.SAXCompiler.doCompile(SAXCompiler.java:403)
		at com.sun.faces.facelets.compiler.SAXCompiler.doMetadataCompile(SAXCompiler.java:391)
		at com.sun.faces.facelets.compiler.Compiler.metadataCompile(Compiler.java:84)
		at com.sun.faces.facelets.impl.DefaultFaceletFactory.createMetadataFacelet(DefaultFaceletFactory.java:422)
		at com.sun.faces.facelets.impl.DefaultFaceletFactory.lambda$initCache$1(DefaultFaceletFactory.java:153)
		at com.sun.faces.facelets.impl.DefaultFaceletCache.lambda$new$1(DefaultFaceletCache.java:65)
		at com.sun.faces.util.ExpiringConcurrentCache.lambda$get$0(ExpiringConcurrentCache.java:75)
		at java.base/java.util.concurrent.FutureTask.run(FutureTask.java:264)
		at com.sun.faces.util.ExpiringConcurrentCache.get(ExpiringConcurrentCache.java:88)
		at com.sun.faces.facelets.impl.DefaultFaceletCache.getViewMetadataFacelet(DefaultFaceletCache.java:106)
		at com.sun.faces.facelets.impl.DefaultFaceletCache.getViewMetadataFacelet(DefaultFaceletCache.java:36)
		at com.sun.faces.facelets.impl.DefaultFaceletFactory.getMetadataFacelet(DefaultFaceletFactory.java:247)
		at com.sun.faces.facelets.impl.DefaultFaceletFactory.getMetadataFacelet(DefaultFaceletFactory.java:181)
		at com.sun.faces.application.view.ViewMetadataImpl.createMetadataView(ViewMetadataImpl.java:116)
		at com.sun.faces.lifecycle.RestoreViewPhase.execute(RestoreViewPhase.java:188)
		at com.sun.faces.lifecycle.Phase.doPhase(Phase.java:72)
		at com.sun.faces.lifecycle.RestoreViewPhase.doPhase(RestoreViewPhase.java:92)
		at com.sun.faces.lifecycle.LifecycleImpl.execute(LifecycleImpl.java:159)
		at jakarta.faces.webapp.FacesServlet.executeLifecyle(FacesServlet.java:677)
		at jakarta.faces.webapp.FacesServlet.service(FacesServlet.java:435)
		at org.apache.catalina.core.ApplicationFilterChain.internalDoFilter(ApplicationFilterChain.java:193)
		at org.apache.catalina.core.ApplicationFilterChain.doFilter(ApplicationFilterChain.java:138)
		at org.apache.tomcat.websocket.server.WsFilter.doFilter(WsFilter.java:51)
		at org.apache.catalina.core.ApplicationFilterChain.internalDoFilter(ApplicationFilterChain.java:162)
		at org.apache.catalina.core.ApplicationFilterChain.doFilter(ApplicationFilterChain.java:138)
		at org.apache.catalina.core.StandardWrapperValve.invoke(StandardWrapperValve.java:165)
		at org.apache.catalina.core.StandardContextValve.invoke(StandardContextValve.java:88)
		at org.apache.catalina.authenticator.AuthenticatorBase.invoke(AuthenticatorBase.java:482)
		at org.apache.catalina.core.StandardHostValve.invoke(StandardHostValve.java:113)
		at org.apache.catalina.valves.ErrorReportValve.invoke(ErrorReportValve.java:90)
		at org.apache.catalina.valves.AbstractAccessLogValve.invoke(AbstractAccessLogValve.java:664)
		at org.apache.catalina.core.StandardEngineValve.invoke(StandardEngineValve.java:72)
		at org.apache.catalina.connector.CoyoteAdapter.service(CoyoteAdapter.java:342)
		at org.apache.coyote.http11.Http11Processor.service(Http11Processor.java:399)
		at org.apache.coyote.AbstractProcessorLight.process(AbstractProcessorLight.java:63)
		at org.apache.coyote.AbstractProtocol$ConnectionHandler.process(AbstractProtocol.java:903)
		at org.apache.tomcat.util.net.NioEndpoint$SocketProcessor.doRun(NioEndpoint.java:1776)
		at org.apache.tomcat.util.net.SocketProcessorBase.run(SocketProcessorBase.java:52)
		at org.apache.tomcat.util.threads.ThreadPoolExecutor.runWorker(ThreadPoolExecutor.java:975)
		at org.apache.tomcat.util.threads.ThreadPoolExecutor$Worker.run(ThreadPoolExecutor.java:493)
		at org.apache.tomcat.util.threads.TaskThread$WrappingRunnable.run(TaskThread.java:63)
		at java.base/java.lang.Thread.run(Thread.java:829)
30-Oct-2025 12:16:48.288 INFORMATION [main] org.apache.catalina.core.ApplicationContext.log SessionListener: contextDestroyed()
30-Oct-2025 12:16:48.288 INFORMATION [main] org.apache.catalina.core.ApplicationContext.log ContextListener: contextDestroyed()
30-Oct-2025 12:18:26.152 INFORMATION [main] org.apache.catalina.core.ApplicationContext.log ContextListener: contextInitialized()
30-Oct-2025 12:18:26.152 INFORMATION [main] org.apache.catalina.core.ApplicationContext.log SessionListener: contextInitialized()
30-Oct-2025 12:18:26.152 INFORMATION [main] org.apache.catalina.core.ApplicationContext.log ContextListener: attributeAdded('StockTicker', 'async.Stockticker@51ce8293')
30-Oct-2025 16:12:57.622 INFORMATION [main] org.apache.catalina.core.ApplicationContext.log ContextListener: contextInitialized()
30-Oct-2025 16:12:57.622 INFORMATION [main] org.apache.catalina.core.ApplicationContext.log SessionListener: contextInitialized()
30-Oct-2025 16:12:57.626 INFORMATION [main] org.apache.catalina.core.ApplicationContext.log ContextListener: attributeAdded('StockTicker', 'async.Stockticker@479f1d09')
