13-Oct-2025 14:17:05.723 INFORMATION [main] org.apache.catalina.core.ApplicationContext.log ContextListener: contextInitialized()
13-Oct-2025 14:17:05.723 INFORMATION [main] org.apache.catalina.core.ApplicationContext.log SessionListener: contextInitialized()
13-Oct-2025 14:17:05.723 INFORMATION [main] org.apache.catalina.core.ApplicationContext.log ContextListener: attributeAdded('StockTicker', 'async.Stockticker@49ed3b76')
13-Oct-2025 14:25:58.287 INFORMATION [main] org.apache.catalina.core.ApplicationContext.log ContextListener: contextInitialized()
13-Oct-2025 14:25:58.287 INFORMATION [main] org.apache.catalina.core.ApplicationContext.log SessionListener: contextInitialized()
13-Oct-2025 14:25:58.287 INFORMATION [main] org.apache.catalina.core.ApplicationContext.log ContextListener: attributeAdded('StockTicker', 'async.Stockticker@602854ed')
13-Oct-2025 14:32:24.791 INFORMATION [main] org.apache.catalina.core.ApplicationContext.log SessionListener: contextDestroyed()
13-Oct-2025 14:32:24.791 INFORMATION [main] org.apache.catalina.core.ApplicationContext.log ContextListener: contextDestroyed()
13-Oct-2025 14:45:13.580 INFORMATION [main] org.apache.catalina.core.ApplicationContext.log ContextListener: contextInitialized()
13-Oct-2025 14:45:13.580 INFORMATION [main] org.apache.catalina.core.ApplicationContext.log SessionListener: contextInitialized()
13-Oct-2025 14:45:13.580 INFORMATION [main] org.apache.catalina.core.ApplicationContext.log ContextListener: attributeAdded('StockTicker', 'async.Stockticker@5d796665')
13-Oct-2025 14:57:17.033 INFORMATION [main] org.apache.catalina.core.ApplicationContext.log ContextListener: contextInitialized()
13-Oct-2025 14:57:17.033 INFORMATION [main] org.apache.catalina.core.ApplicationContext.log SessionListener: contextInitialized()
13-Oct-2025 14:57:17.033 INFORMATION [main] org.apache.catalina.core.ApplicationContext.log ContextListener: attributeAdded('StockTicker', 'async.Stockticker@1ef6977b')
13-Oct-2025 15:01:39.430 INFORMATION [main] org.apache.catalina.core.ApplicationContext.log SessionListener: contextDestroyed()
13-Oct-2025 15:01:39.430 INFORMATION [main] org.apache.catalina.core.ApplicationContext.log ContextListener: contextDestroyed()
13-Oct-2025 15:07:37.372 INFORMATION [main] org.apache.catalina.core.ApplicationContext.log ContextListener: contextInitialized()
13-Oct-2025 15:07:37.372 INFORMATION [main] org.apache.catalina.core.ApplicationContext.log SessionListener: contextInitialized()
13-Oct-2025 15:07:37.372 INFORMATION [main] org.apache.catalina.core.ApplicationContext.log ContextListener: attributeAdded('StockTicker', 'async.Stockticker@45a0ba61')
13-Oct-2025 15:16:20.591 INFORMATION [main] org.apache.catalina.core.ApplicationContext.log ContextListener: contextInitialized()
13-Oct-2025 15:16:20.591 INFORMATION [main] org.apache.catalina.core.ApplicationContext.log SessionListener: contextInitialized()
13-Oct-2025 15:16:20.591 INFORMATION [main] org.apache.catalina.core.ApplicationContext.log ContextListener: attributeAdded('StockTicker', 'async.Stockticker@4df3b838')
13-Oct-2025 15:25:03.621 INFORMATION [main] org.apache.catalina.core.ApplicationContext.log ContextListener: contextInitialized()
13-Oct-2025 15:25:03.621 INFORMATION [main] org.apache.catalina.core.ApplicationContext.log SessionListener: contextInitialized()
13-Oct-2025 15:25:03.621 INFORMATION [main] org.apache.catalina.core.ApplicationContext.log ContextListener: attributeAdded('StockTicker', 'async.Stockticker@27f7db5a')
13-Oct-2025 15:28:46.453 INFORMATION [main] org.apache.catalina.core.ApplicationContext.log SessionListener: contextDestroyed()
13-Oct-2025 15:28:46.453 INFORMATION [main] org.apache.catalina.core.ApplicationContext.log ContextListener: contextDestroyed()
13-Oct-2025 15:31:34.769 SCHWERWIEGEND [main] org.apache.catalina.core.StandardContext.listenerStart Error configuring application listener of class [org.primefaces.webapp.UploadedFileCleanerListener]
	java.lang.ClassNotFoundException: org.primefaces.webapp.UploadedFileCleanerListener
		at org.apache.catalina.loader.WebappClassLoaderBase.loadClass(WebappClassLoaderBase.java:1377)
		at org.apache.catalina.loader.WebappClassLoaderBase.loadClass(WebappClassLoaderBase.java:1186)
		at org.apache.catalina.core.DefaultInstanceManager.loadClass(DefaultInstanceManager.java:487)
		at org.apache.catalina.core.DefaultInstanceManager.loadClassMaybePrivileged(DefaultInstanceManager.java:469)
		at org.apache.catalina.core.DefaultInstanceManager.newInstance(DefaultInstanceManager.java:143)
		at org.apache.catalina.core.StandardContext.listenerStart(StandardContext.java:3961)
		at org.apache.catalina.core.StandardContext.startInternal(StandardContext.java:4462)
		at org.apache.catalina.util.LifecycleBase.start(LifecycleBase.java:164)
		at org.apache.catalina.core.ContainerBase.addChildInternal(ContainerBase.java:597)
		at org.apache.catalina.core.ContainerBase.addChild(ContainerBase.java:569)
		at org.apache.catalina.core.StandardHost.addChild(StandardHost.java:652)
		at org.apache.catalina.startup.HostConfig.deployWAR(HostConfig.java:962)
		at org.apache.catalina.startup.HostConfig$DeployWar.run(HostConfig.java:1900)
		at java.base/java.util.concurrent.Executors$RunnableAdapter.call(Executors.java:515)
		at java.base/java.util.concurrent.FutureTask.run(FutureTask.java:264)
		at org.apache.tomcat.util.threads.InlineExecutorService.execute(InlineExecutorService.java:81)
		at java.base/java.util.concurrent.AbstractExecutorService.submit(AbstractExecutorService.java:118)
		at org.apache.catalina.startup.HostConfig.deployWARs(HostConfig.java:766)
		at org.apache.catalina.startup.HostConfig.deployApps(HostConfig.java:417)
		at org.apache.catalina.startup.HostConfig.start(HostConfig.java:1618)
		at org.apache.catalina.startup.HostConfig.lifecycleEvent(HostConfig.java:300)
		at org.apache.catalina.util.LifecycleBase.fireLifecycleEvent(LifecycleBase.java:109)
		at org.apache.catalina.util.LifecycleBase.setStateInternal(LifecycleBase.java:389)
		at org.apache.catalina.util.LifecycleBase.setState(LifecycleBase.java:336)
		at org.apache.catalina.core.ContainerBase.startInternal(ContainerBase.java:774)
		at org.apache.catalina.core.StandardHost.startInternal(StandardHost.java:770)
		at org.apache.catalina.util.LifecycleBase.start(LifecycleBase.java:164)
		at org.apache.catalina.core.ContainerBase$StartChild.call(ContainerBase.java:1201)
		at org.apache.catalina.core.ContainerBase$StartChild.call(ContainerBase.java:1191)
		at java.base/java.util.concurrent.FutureTask.run(FutureTask.java:264)
		at org.apache.tomcat.util.threads.InlineExecutorService.execute(InlineExecutorService.java:81)
		at java.base/java.util.concurrent.AbstractExecutorService.submit(AbstractExecutorService.java:140)
		at org.apache.catalina.core.ContainerBase.startInternal(ContainerBase.java:747)
		at org.apache.catalina.core.StandardEngine.startInternal(StandardEngine.java:201)
		at org.apache.catalina.util.LifecycleBase.start(LifecycleBase.java:164)
		at org.apache.catalina.core.StandardService.startInternal(StandardService.java:410)
		at org.apache.catalina.util.LifecycleBase.start(LifecycleBase.java:164)
		at org.apache.catalina.core.StandardServer.startInternal(StandardServer.java:868)
		at org.apache.catalina.util.LifecycleBase.start(LifecycleBase.java:164)
		at org.apache.catalina.startup.Catalina.start(Catalina.java:758)
		at java.base/jdk.internal.reflect.NativeMethodAccessorImpl.invoke0(Native Method)
		at java.base/jdk.internal.reflect.NativeMethodAccessorImpl.invoke(NativeMethodAccessorImpl.java:62)
		at java.base/jdk.internal.reflect.DelegatingMethodAccessorImpl.invoke(DelegatingMethodAccessorImpl.java:43)
		at java.base/java.lang.reflect.Method.invoke(Method.java:566)
		at org.apache.catalina.startup.Bootstrap.start(Bootstrap.java:342)
		at org.apache.catalina.startup.Bootstrap.main(Bootstrap.java:473)
13-Oct-2025 15:31:34.769 SCHWERWIEGEND [main] org.apache.catalina.core.StandardContext.listenerStart Skipped installing application listeners due to previous error(s)
13-Oct-2025 15:31:35.197 INFORMATION [main] org.apache.catalina.core.ApplicationContext.log ContextListener: contextInitialized()
13-Oct-2025 15:31:35.201 INFORMATION [main] org.apache.catalina.core.ApplicationContext.log SessionListener: contextInitialized()
13-Oct-2025 15:31:35.201 INFORMATION [main] org.apache.catalina.core.ApplicationContext.log ContextListener: attributeAdded('StockTicker', 'async.Stockticker@3792fed8')
13-Oct-2025 15:31:37.090 INFORMATION [main] org.apache.catalina.core.ApplicationContext.log ContextListener: contextInitialized()
13-Oct-2025 15:31:37.090 INFORMATION [main] org.apache.catalina.core.ApplicationContext.log SessionListener: contextInitialized()
13-Oct-2025 15:31:37.090 INFORMATION [main] org.apache.catalina.core.ApplicationContext.log ContextListener: attributeAdded('StockTicker', 'async.Stockticker@6f2d0d25')
13-Oct-2025 15:31:37.234 INFORMATION [main] org.apache.catalina.core.ApplicationContext.log SessionListener: contextDestroyed()
13-Oct-2025 15:31:37.234 INFORMATION [main] org.apache.catalina.core.ApplicationContext.log ContextListener: contextDestroyed()
13-Oct-2025 15:36:35.557 INFORMATION [main] org.apache.catalina.core.ApplicationContext.log ContextListener: contextInitialized()
13-Oct-2025 15:36:35.557 INFORMATION [main] org.apache.catalina.core.ApplicationContext.log SessionListener: contextInitialized()
13-Oct-2025 15:36:35.557 INFORMATION [main] org.apache.catalina.core.ApplicationContext.log ContextListener: attributeAdded('StockTicker', 'async.Stockticker@404d90c5')
13-Oct-2025 15:52:49.926 INFORMATION [main] org.apache.catalina.core.ApplicationContext.log ContextListener: contextInitialized()
13-Oct-2025 15:52:49.926 INFORMATION [main] org.apache.catalina.core.ApplicationContext.log SessionListener: contextInitialized()
13-Oct-2025 15:52:49.926 INFORMATION [main] org.apache.catalina.core.ApplicationContext.log ContextListener: attributeAdded('StockTicker', 'async.Stockticker@3ef8de39')
13-Oct-2025 15:57:44.642 INFORMATION [main] org.apache.catalina.core.ApplicationContext.log ContextListener: contextInitialized()
13-Oct-2025 15:57:44.642 INFORMATION [main] org.apache.catalina.core.ApplicationContext.log SessionListener: contextInitialized()
13-Oct-2025 15:57:44.646 INFORMATION [main] org.apache.catalina.core.ApplicationContext.log ContextListener: attributeAdded('StockTicker', 'async.Stockticker@75583206')
13-Oct-2025 16:06:15.224 INFORMATION [main] org.apache.catalina.core.ApplicationContext.log ContextListener: contextInitialized()
13-Oct-2025 16:06:15.224 INFORMATION [main] org.apache.catalina.core.ApplicationContext.log SessionListener: contextInitialized()
13-Oct-2025 16:06:15.224 INFORMATION [main] org.apache.catalina.core.ApplicationContext.log ContextListener: attributeAdded('StockTicker', 'async.Stockticker@464d25b2')
13-Oct-2025 16:30:30.458 INFORMATION [main] org.apache.catalina.core.ApplicationContext.log ContextListener: contextInitialized()
13-Oct-2025 16:30:30.458 INFORMATION [main] org.apache.catalina.core.ApplicationContext.log SessionListener: contextInitialized()
13-Oct-2025 16:30:30.458 INFORMATION [main] org.apache.catalina.core.ApplicationContext.log ContextListener: attributeAdded('StockTicker', 'async.Stockticker@3cced001')
13-Oct-2025 16:32:09.614 INFORMATION [main] org.apache.catalina.core.ApplicationContext.log SessionListener: contextDestroyed()
13-Oct-2025 16:32:09.614 INFORMATION [main] org.apache.catalina.core.ApplicationContext.log ContextListener: contextDestroyed()
13-Oct-2025 16:35:14.073 INFORMATION [main] org.apache.catalina.core.ApplicationContext.log ContextListener: contextInitialized()
13-Oct-2025 16:35:14.073 INFORMATION [main] org.apache.catalina.core.ApplicationContext.log SessionListener: contextInitialized()
13-Oct-2025 16:35:14.075 INFORMATION [main] org.apache.catalina.core.ApplicationContext.log ContextListener: attributeAdded('StockTicker', 'async.Stockticker@6ab123d0')
13-Oct-2025 16:38:54.835 INFORMATION [main] org.apache.catalina.core.ApplicationContext.log ContextListener: contextInitialized()
13-Oct-2025 16:38:54.835 INFORMATION [main] org.apache.catalina.core.ApplicationContext.log SessionListener: contextInitialized()
13-Oct-2025 16:38:54.835 INFORMATION [main] org.apache.catalina.core.ApplicationContext.log ContextListener: attributeAdded('StockTicker', 'async.Stockticker@503eac4c')
13-Oct-2025 16:58:41.122 INFORMATION [main] org.apache.catalina.core.ApplicationContext.log ContextListener: contextInitialized()
13-Oct-2025 16:58:41.122 INFORMATION [main] org.apache.catalina.core.ApplicationContext.log SessionListener: contextInitialized()
13-Oct-2025 16:58:41.124 INFORMATION [main] org.apache.catalina.core.ApplicationContext.log ContextListener: attributeAdded('StockTicker', 'async.Stockticker@3c2654e')
13-Oct-2025 17:00:06.455 SCHWERWIEGEND [http-nio-8080-exec-1] org.apache.catalina.core.StandardWrapperValve.invoke Servlet.service() for servlet [Faces Servlet] in context with path [/ghost-net-fishing] threw exception [/claim.xhtml @25,42 <p:inputGroup> Tag Library supports namespace: http://primefaces.org/ui, but no tag was defined for name: inputGroup] with root cause
	jakarta.faces.view.facelets.TagException: /claim.xhtml @25,42 <p:inputGroup> Tag Library supports namespace: http://primefaces.org/ui, but no tag was defined for name: inputGroup
		at com.sun.faces.facelets.compiler.CompilationManager.pushTag(CompilationManager.java:273)
		at com.sun.faces.facelets.compiler.SAXCompiler$CompilationHandler.startElement(SAXCompiler.java:232)
		at java.xml/com.sun.org.apache.xerces.internal.parsers.AbstractSAXParser.startElement(AbstractSAXParser.java:510)
		at java.xml/com.sun.org.apache.xerces.internal.impl.dtd.XMLDTDValidator.startElement(XMLDTDValidator.java:731)
		at java.xml/com.sun.org.apache.xerces.internal.impl.XMLNSDocumentScannerImpl.scanStartElement(XMLNSDocumentScannerImpl.java:374)
		at java.xml/com.sun.org.apache.xerces.internal.impl.XMLDocumentFragmentScannerImpl$FragmentContentDriver.next(XMLDocumentFragmentScannerImpl.java:2710)
		at java.xml/com.sun.org.apache.xerces.internal.impl.XMLDocumentScannerImpl.next(XMLDocumentScannerImpl.java:605)
		at java.xml/com.sun.org.apache.xerces.internal.impl.XMLNSDocumentScannerImpl.next(XMLNSDocumentScannerImpl.java:112)
		at java.xml/com.sun.org.apache.xerces.internal.impl.XMLDocumentFragmentScannerImpl.scanDocument(XMLDocumentFragmentScannerImpl.java:534)
		at java.xml/com.sun.org.apache.xerces.internal.parsers.XML11Configuration.parse(XML11Configuration.java:888)
		at java.xml/com.sun.org.apache.xerces.internal.parsers.XML11Configuration.parse(XML11Configuration.java:824)
		at java.xml/com.sun.org.apache.xerces.internal.parsers.XMLParser.parse(XMLParser.java:141)
		at java.xml/com.sun.org.apache.xerces.internal.parsers.AbstractSAXParser.parse(AbstractSAXParser.java:1216)
		at java.xml/com.sun.org.apache.xerces.internal.jaxp.SAXParserImpl$JAXPSAXParser.parse(SAXParserImpl.java:635)
		at java.xml/com.sun.org.apache.xerces.internal.jaxp.SAXParserImpl.parse(SAXParserImpl.java:324)
		at java.xml/javax.xml.parsers.SAXParser.parse(SAXParser.java:197)
		at com.sun.faces.facelets.compiler.SAXCompiler.doCompile(SAXCompiler.java:401)
		at com.sun.faces.facelets.compiler.SAXCompiler.doCompile(SAXCompiler.java:382)
		at com.sun.faces.facelets.compiler.Compiler.compile(Compiler.java:79)
		at com.sun.faces.facelets.impl.DefaultFaceletFactory.createFacelet(DefaultFaceletFactory.java:407)
		at com.sun.faces.facelets.impl.DefaultFaceletFactory.lambda$initCache$0(DefaultFaceletFactory.java:152)
		at com.sun.faces.facelets.impl.DefaultFaceletCache.lambda$new$0(DefaultFaceletCache.java:58)
		at com.sun.faces.util.ExpiringConcurrentCache.lambda$get$0(ExpiringConcurrentCache.java:75)
		at java.base/java.util.concurrent.FutureTask.run(FutureTask.java:264)
		at com.sun.faces.util.ExpiringConcurrentCache.get(ExpiringConcurrentCache.java:88)
		at com.sun.faces.facelets.impl.DefaultFaceletCache.getFacelet(DefaultFaceletCache.java:85)
		at com.sun.faces.facelets.impl.DefaultFaceletCache.getFacelet(DefaultFaceletCache.java:36)
		at com.sun.faces.facelets.impl.DefaultFaceletFactory.getFacelet(DefaultFaceletFactory.java:226)
		at com.sun.faces.facelets.impl.DefaultFaceletFactory.getFacelet(DefaultFaceletFactory.java:175)
		at com.sun.faces.application.view.FaceletViewHandlingStrategy.buildView(FaceletViewHandlingStrategy.java:322)
		at com.sun.faces.lifecycle.RenderResponsePhase.execute(RenderResponsePhase.java:70)
		at com.sun.faces.lifecycle.Phase.doPhase(Phase.java:72)
		at com.sun.faces.lifecycle.LifecycleImpl.render(LifecycleImpl.java:178)
		at jakarta.faces.webapp.FacesServlet.executeLifecyle(FacesServlet.java:678)
		at jakarta.faces.webapp.FacesServlet.service(FacesServlet.java:435)
		at org.apache.catalina.core.ApplicationFilterChain.internalDoFilter(ApplicationFilterChain.java:193)
		at org.apache.catalina.core.ApplicationFilterChain.doFilter(ApplicationFilterChain.java:138)
		at org.apache.tomcat.websocket.server.WsFilter.doFilter(WsFilter.java:51)
		at org.apache.catalina.core.ApplicationFilterChain.internalDoFilter(ApplicationFilterChain.java:162)
		at org.apache.catalina.core.ApplicationFilterChain.doFilter(ApplicationFilterChain.java:138)
		at org.apache.catalina.core.StandardWrapperValve.invoke(StandardWrapperValve.java:165)
		at org.apache.catalina.core.StandardContextValve.invoke(StandardContextValve.java:88)
		at org.apache.catalina.authenticator.AuthenticatorBase.invoke(AuthenticatorBase.java:482)
		at org.apache.catalina.core.StandardHostValve.invoke(StandardHostValve.java:113)
		at org.apache.catalina.valves.ErrorReportValve.invoke(ErrorReportValve.java:90)
		at org.apache.catalina.valves.AbstractAccessLogValve.invoke(AbstractAccessLogValve.java:664)
		at org.apache.catalina.core.StandardEngineValve.invoke(StandardEngineValve.java:72)
		at org.apache.catalina.connector.CoyoteAdapter.service(CoyoteAdapter.java:342)
		at org.apache.coyote.http11.Http11Processor.service(Http11Processor.java:399)
		at org.apache.coyote.AbstractProcessorLight.process(AbstractProcessorLight.java:63)
		at org.apache.coyote.AbstractProtocol$ConnectionHandler.process(AbstractProtocol.java:903)
		at org.apache.tomcat.util.net.NioEndpoint$SocketProcessor.doRun(NioEndpoint.java:1776)
		at org.apache.tomcat.util.net.SocketProcessorBase.run(SocketProcessorBase.java:52)
		at org.apache.tomcat.util.threads.ThreadPoolExecutor.runWorker(ThreadPoolExecutor.java:975)
		at org.apache.tomcat.util.threads.ThreadPoolExecutor$Worker.run(ThreadPoolExecutor.java:493)
		at org.apache.tomcat.util.threads.TaskThread$WrappingRunnable.run(TaskThread.java:63)
		at java.base/java.lang.Thread.run(Thread.java:829)
13-Oct-2025 17:03:25.572 INFORMATION [main] org.apache.catalina.core.ApplicationContext.log ContextListener: contextInitialized()
13-Oct-2025 17:03:25.572 INFORMATION [main] org.apache.catalina.core.ApplicationContext.log SessionListener: contextInitialized()
13-Oct-2025 17:03:25.572 INFORMATION [main] org.apache.catalina.core.ApplicationContext.log ContextListener: attributeAdded('StockTicker', 'async.Stockticker@3a69c81e')
13-Oct-2025 17:12:04.720 INFORMATION [main] org.apache.catalina.core.ApplicationContext.log ContextListener: contextInitialized()
13-Oct-2025 17:12:04.720 INFORMATION [main] org.apache.catalina.core.ApplicationContext.log SessionListener: contextInitialized()
13-Oct-2025 17:12:04.720 INFORMATION [main] org.apache.catalina.core.ApplicationContext.log ContextListener: attributeAdded('StockTicker', 'async.Stockticker@45a0ba61')
13-Oct-2025 17:17:31.479 INFORMATION [main] org.apache.catalina.core.ApplicationContext.log ContextListener: contextInitialized()
13-Oct-2025 17:17:31.479 INFORMATION [main] org.apache.catalina.core.ApplicationContext.log SessionListener: contextInitialized()
13-Oct-2025 17:17:31.479 INFORMATION [main] org.apache.catalina.core.ApplicationContext.log ContextListener: attributeAdded('StockTicker', 'async.Stockticker@3c2654e')
13-Oct-2025 17:23:24.317 INFORMATION [main] org.apache.catalina.core.ApplicationContext.log ContextListener: contextInitialized()
13-Oct-2025 17:23:24.317 INFORMATION [main] org.apache.catalina.core.ApplicationContext.log SessionListener: contextInitialized()
13-Oct-2025 17:23:24.317 INFORMATION [main] org.apache.catalina.core.ApplicationContext.log ContextListener: attributeAdded('StockTicker', 'async.Stockticker@598b15ba')
13-Oct-2025 17:26:57.105 INFORMATION [main] org.apache.catalina.core.ApplicationContext.log SessionListener: contextDestroyed()
13-Oct-2025 17:26:57.107 INFORMATION [main] org.apache.catalina.core.ApplicationContext.log ContextListener: contextDestroyed()
13-Oct-2025 17:29:56.590 INFORMATION [main] org.apache.catalina.core.ApplicationContext.log ContextListener: contextInitialized()
13-Oct-2025 17:29:56.590 INFORMATION [main] org.apache.catalina.core.ApplicationContext.log SessionListener: contextInitialized()
13-Oct-2025 17:29:56.591 INFORMATION [main] org.apache.catalina.core.ApplicationContext.log ContextListener: attributeAdded('StockTicker', 'async.Stockticker@5d796665')
13-Oct-2025 17:31:46.696 INFORMATION [main] org.apache.catalina.core.ApplicationContext.log SessionListener: contextDestroyed()
13-Oct-2025 17:31:46.696 INFORMATION [main] org.apache.catalina.core.ApplicationContext.log ContextListener: contextDestroyed()
13-Oct-2025 17:36:50.922 INFORMATION [main] org.apache.catalina.core.ApplicationContext.log ContextListener: contextInitialized()
13-Oct-2025 17:36:50.922 INFORMATION [main] org.apache.catalina.core.ApplicationContext.log SessionListener: contextInitialized()
13-Oct-2025 17:36:50.922 INFORMATION [main] org.apache.catalina.core.ApplicationContext.log ContextListener: attributeAdded('StockTicker', 'async.Stockticker@7306f65f')
13-Oct-2025 17:46:08.895 INFORMATION [main] org.apache.catalina.core.ApplicationContext.log SessionListener: contextDestroyed()
13-Oct-2025 17:46:08.895 INFORMATION [main] org.apache.catalina.core.ApplicationContext.log ContextListener: contextDestroyed()
13-Oct-2025 17:55:44.551 INFORMATION [main] org.apache.catalina.core.ApplicationContext.log ContextListener: contextInitialized()
13-Oct-2025 17:55:44.551 INFORMATION [main] org.apache.catalina.core.ApplicationContext.log SessionListener: contextInitialized()
13-Oct-2025 17:55:44.551 INFORMATION [main] org.apache.catalina.core.ApplicationContext.log ContextListener: attributeAdded('StockTicker', 'async.Stockticker@4e64e44c')
13-Oct-2025 18:00:12.347 INFORMATION [main] org.apache.catalina.core.ApplicationContext.log ContextListener: contextInitialized()
13-Oct-2025 18:00:12.347 INFORMATION [main] org.apache.catalina.core.ApplicationContext.log SessionListener: contextInitialized()
13-Oct-2025 18:00:12.349 INFORMATION [main] org.apache.catalina.core.ApplicationContext.log ContextListener: attributeAdded('StockTicker', 'async.Stockticker@2f81d7f')
13-Oct-2025 18:10:25.321 INFORMATION [main] org.apache.catalina.core.ApplicationContext.log ContextListener: contextInitialized()
13-Oct-2025 18:10:25.321 INFORMATION [main] org.apache.catalina.core.ApplicationContext.log SessionListener: contextInitialized()
13-Oct-2025 18:10:25.321 INFORMATION [main] org.apache.catalina.core.ApplicationContext.log ContextListener: attributeAdded('StockTicker', 'async.Stockticker@f243d5c')
13-Oct-2025 18:14:28.724 INFORMATION [main] org.apache.catalina.core.ApplicationContext.log ContextListener: contextInitialized()
13-Oct-2025 18:14:28.724 INFORMATION [main] org.apache.catalina.core.ApplicationContext.log SessionListener: contextInitialized()
13-Oct-2025 18:14:28.725 INFORMATION [main] org.apache.catalina.core.ApplicationContext.log ContextListener: attributeAdded('StockTicker', 'async.Stockticker@1ac32da1')
13-Oct-2025 18:19:08.952 INFORMATION [main] org.apache.catalina.core.ApplicationContext.log ContextListener: contextInitialized()
13-Oct-2025 18:19:08.952 INFORMATION [main] org.apache.catalina.core.ApplicationContext.log SessionListener: contextInitialized()
13-Oct-2025 18:19:08.952 INFORMATION [main] org.apache.catalina.core.ApplicationContext.log ContextListener: attributeAdded('StockTicker', 'async.Stockticker@11b26693')
13-Oct-2025 18:22:40.710 SCHWERWIEGEND [main] org.apache.catalina.core.StandardContext.listenerStart Error configuring application listener of class [org.primefaces.webapp.UploadedFileCleanerListener]
	java.lang.ClassNotFoundException: org.primefaces.webapp.UploadedFileCleanerListener
		at org.apache.catalina.loader.WebappClassLoaderBase.loadClass(WebappClassLoaderBase.java:1377)
		at org.apache.catalina.loader.WebappClassLoaderBase.loadClass(WebappClassLoaderBase.java:1186)
		at org.apache.catalina.core.DefaultInstanceManager.loadClass(DefaultInstanceManager.java:487)
		at org.apache.catalina.core.DefaultInstanceManager.loadClassMaybePrivileged(DefaultInstanceManager.java:469)
		at org.apache.catalina.core.DefaultInstanceManager.newInstance(DefaultInstanceManager.java:143)
		at org.apache.catalina.core.StandardContext.listenerStart(StandardContext.java:3961)
		at org.apache.catalina.core.StandardContext.startInternal(StandardContext.java:4462)
		at org.apache.catalina.util.LifecycleBase.start(LifecycleBase.java:164)
		at org.apache.catalina.core.ContainerBase.addChildInternal(ContainerBase.java:597)
		at org.apache.catalina.core.ContainerBase.addChild(ContainerBase.java:569)
		at org.apache.catalina.core.StandardHost.addChild(StandardHost.java:652)
		at org.apache.catalina.startup.HostConfig.deployWAR(HostConfig.java:962)
		at org.apache.catalina.startup.HostConfig$DeployWar.run(HostConfig.java:1900)
		at java.base/java.util.concurrent.Executors$RunnableAdapter.call(Executors.java:515)
		at java.base/java.util.concurrent.FutureTask.run(FutureTask.java:264)
		at org.apache.tomcat.util.threads.InlineExecutorService.execute(InlineExecutorService.java:81)
		at java.base/java.util.concurrent.AbstractExecutorService.submit(AbstractExecutorService.java:118)
		at org.apache.catalina.startup.HostConfig.deployWARs(HostConfig.java:766)
		at org.apache.catalina.startup.HostConfig.deployApps(HostConfig.java:417)
		at org.apache.catalina.startup.HostConfig.start(HostConfig.java:1618)
		at org.apache.catalina.startup.HostConfig.lifecycleEvent(HostConfig.java:300)
		at org.apache.catalina.util.LifecycleBase.fireLifecycleEvent(LifecycleBase.java:109)
		at org.apache.catalina.util.LifecycleBase.setStateInternal(LifecycleBase.java:389)
		at org.apache.catalina.util.LifecycleBase.setState(LifecycleBase.java:336)
		at org.apache.catalina.core.ContainerBase.startInternal(ContainerBase.java:774)
		at org.apache.catalina.core.StandardHost.startInternal(StandardHost.java:770)
		at org.apache.catalina.util.LifecycleBase.start(LifecycleBase.java:164)
		at org.apache.catalina.core.ContainerBase$StartChild.call(ContainerBase.java:1201)
		at org.apache.catalina.core.ContainerBase$StartChild.call(ContainerBase.java:1191)
		at java.base/java.util.concurrent.FutureTask.run(FutureTask.java:264)
		at org.apache.tomcat.util.threads.InlineExecutorService.execute(InlineExecutorService.java:81)
		at java.base/java.util.concurrent.AbstractExecutorService.submit(AbstractExecutorService.java:140)
		at org.apache.catalina.core.ContainerBase.startInternal(ContainerBase.java:747)
		at org.apache.catalina.core.StandardEngine.startInternal(StandardEngine.java:201)
		at org.apache.catalina.util.LifecycleBase.start(LifecycleBase.java:164)
		at org.apache.catalina.core.StandardService.startInternal(StandardService.java:410)
		at org.apache.catalina.util.LifecycleBase.start(LifecycleBase.java:164)
		at org.apache.catalina.core.StandardServer.startInternal(StandardServer.java:868)
		at org.apache.catalina.util.LifecycleBase.start(LifecycleBase.java:164)
		at org.apache.catalina.startup.Catalina.start(Catalina.java:758)
		at java.base/jdk.internal.reflect.NativeMethodAccessorImpl.invoke0(Native Method)
		at java.base/jdk.internal.reflect.NativeMethodAccessorImpl.invoke(NativeMethodAccessorImpl.java:62)
		at java.base/jdk.internal.reflect.DelegatingMethodAccessorImpl.invoke(DelegatingMethodAccessorImpl.java:43)
		at java.base/java.lang.reflect.Method.invoke(Method.java:566)
		at org.apache.catalina.startup.Bootstrap.start(Bootstrap.java:342)
		at org.apache.catalina.startup.Bootstrap.main(Bootstrap.java:473)
13-Oct-2025 18:22:40.710 SCHWERWIEGEND [main] org.apache.catalina.core.StandardContext.listenerStart Skipped installing application listeners due to previous error(s)
13-Oct-2025 18:22:41.140 INFORMATION [main] org.apache.catalina.core.ApplicationContext.log ContextListener: contextInitialized()
13-Oct-2025 18:22:41.140 INFORMATION [main] org.apache.catalina.core.ApplicationContext.log SessionListener: contextInitialized()
13-Oct-2025 18:22:41.146 INFORMATION [main] org.apache.catalina.core.ApplicationContext.log ContextListener: attributeAdded('StockTicker', 'async.Stockticker@3733b1f4')
13-Oct-2025 18:22:43.123 INFORMATION [main] org.apache.catalina.core.ApplicationContext.log ContextListener: contextInitialized()
13-Oct-2025 18:22:43.123 INFORMATION [main] org.apache.catalina.core.ApplicationContext.log SessionListener: contextInitialized()
13-Oct-2025 18:22:43.123 INFORMATION [main] org.apache.catalina.core.ApplicationContext.log ContextListener: attributeAdded('StockTicker', 'async.Stockticker@78a03662')
13-Oct-2025 18:22:43.275 INFORMATION [main] org.apache.catalina.core.ApplicationContext.log SessionListener: contextDestroyed()
13-Oct-2025 18:22:43.275 INFORMATION [main] org.apache.catalina.core.ApplicationContext.log ContextListener: contextDestroyed()
13-Oct-2025 18:24:01.238 INFORMATION [main] org.apache.catalina.core.ApplicationContext.log ContextListener: contextInitialized()
13-Oct-2025 18:24:01.238 INFORMATION [main] org.apache.catalina.core.ApplicationContext.log SessionListener: contextInitialized()
13-Oct-2025 18:24:01.240 INFORMATION [main] org.apache.catalina.core.ApplicationContext.log ContextListener: attributeAdded('StockTicker', 'async.Stockticker@746f5752')
