14-Oct-2025 09:17:12.838 INFORMATION [main] org.apache.catalina.core.ApplicationContext.log ContextListener: contextInitialized()
14-Oct-2025 09:17:12.838 INFORMATION [main] org.apache.catalina.core.ApplicationContext.log SessionListener: contextInitialized()
14-Oct-2025 09:17:12.839 INFORMATION [main] org.apache.catalina.core.ApplicationContext.log ContextListener: attributeAdded('StockTicker', 'async.Stockticker@49e3b86b')
14-Oct-2025 09:24:28.831 INFORMATION [main] org.apache.catalina.core.ApplicationContext.log ContextListener: contextInitialized()
14-Oct-2025 09:24:28.831 INFORMATION [main] org.apache.catalina.core.ApplicationContext.log SessionListener: contextInitialized()
14-Oct-2025 09:24:28.832 INFORMATION [main] org.apache.catalina.core.ApplicationContext.log ContextListener: attributeAdded('StockTicker', 'async.Stockticker@1ac32da1')
14-Oct-2025 09:31:40.009 INFORMATION [main] org.apache.catalina.core.ApplicationContext.log ContextListener: contextInitialized()
14-Oct-2025 09:31:40.009 INFORMATION [main] org.apache.catalina.core.ApplicationContext.log SessionListener: contextInitialized()
14-Oct-2025 09:31:40.011 INFORMATION [main] org.apache.catalina.core.ApplicationContext.log ContextListener: attributeAdded('StockTicker', 'async.Stockticker@406ea770')
14-Oct-2025 09:37:09.651 INFORMATION [main] org.apache.catalina.core.ApplicationContext.log ContextListener: contextInitialized()
14-Oct-2025 09:37:09.651 INFORMATION [main] org.apache.catalina.core.ApplicationContext.log SessionListener: contextInitialized()
14-Oct-2025 09:37:09.653 INFORMATION [main] org.apache.catalina.core.ApplicationContext.log ContextListener: attributeAdded('StockTicker', 'async.Stockticker@1660bba7')
14-Oct-2025 09:51:22.171 INFORMATION [main] org.apache.catalina.core.ApplicationContext.log ContextListener: contextInitialized()
14-Oct-2025 09:51:22.171 INFORMATION [main] org.apache.catalina.core.ApplicationContext.log SessionListener: contextInitialized()
14-Oct-2025 09:51:22.173 INFORMATION [main] org.apache.catalina.core.ApplicationContext.log ContextListener: attributeAdded('StockTicker', 'async.Stockticker@4df3b838')
14-Oct-2025 10:19:06.798 INFORMATION [main] org.apache.catalina.core.ApplicationContext.log ContextListener: contextInitialized()
14-Oct-2025 10:19:06.798 INFORMATION [main] org.apache.catalina.core.ApplicationContext.log SessionListener: contextInitialized()
14-Oct-2025 10:19:06.798 INFORMATION [main] org.apache.catalina.core.ApplicationContext.log ContextListener: attributeAdded('StockTicker', 'async.Stockticker@406ea770')
14-Oct-2025 10:30:59.441 INFORMATION [main] org.apache.catalina.core.ApplicationContext.log ContextListener: contextInitialized()
14-Oct-2025 10:30:59.441 INFORMATION [main] org.apache.catalina.core.ApplicationContext.log SessionListener: contextInitialized()
14-Oct-2025 10:30:59.443 INFORMATION [main] org.apache.catalina.core.ApplicationContext.log ContextListener: attributeAdded('StockTicker', 'async.Stockticker@49e3b86b')
14-Oct-2025 10:34:20.632 INFORMATION [main] org.apache.catalina.core.ApplicationContext.log SessionListener: contextDestroyed()
14-Oct-2025 10:34:20.632 INFORMATION [main] org.apache.catalina.core.ApplicationContext.log ContextListener: contextDestroyed()
14-Oct-2025 10:40:39.282 INFORMATION [main] org.apache.catalina.core.ApplicationContext.log ContextListener: contextInitialized()
14-Oct-2025 10:40:39.282 INFORMATION [main] org.apache.catalina.core.ApplicationContext.log SessionListener: contextInitialized()
14-Oct-2025 10:40:39.291 INFORMATION [main] org.apache.catalina.core.ApplicationContext.log ContextListener: attributeAdded('StockTicker', 'async.Stockticker@f243d5c')
14-Oct-2025 10:48:51.973 INFORMATION [main] org.apache.catalina.core.ApplicationContext.log ContextListener: contextInitialized()
14-Oct-2025 10:48:51.973 INFORMATION [main] org.apache.catalina.core.ApplicationContext.log SessionListener: contextInitialized()
14-Oct-2025 10:48:51.973 INFORMATION [main] org.apache.catalina.core.ApplicationContext.log ContextListener: attributeAdded('StockTicker', 'async.Stockticker@51413d02')
14-Oct-2025 11:00:45.810 INFORMATION [main] org.apache.catalina.core.ApplicationContext.log ContextListener: contextInitialized()
14-Oct-2025 11:00:45.810 INFORMATION [main] org.apache.catalina.core.ApplicationContext.log SessionListener: contextInitialized()
14-Oct-2025 11:00:45.811 INFORMATION [main] org.apache.catalina.core.ApplicationContext.log ContextListener: attributeAdded('StockTicker', 'async.Stockticker@8551ee6')
14-Oct-2025 11:10:54.015 INFORMATION [main] org.apache.catalina.core.ApplicationContext.log SessionListener: contextDestroyed()
14-Oct-2025 11:10:54.015 INFORMATION [main] org.apache.catalina.core.ApplicationContext.log ContextListener: contextDestroyed()
14-Oct-2025 11:25:41.606 INFORMATION [main] org.apache.catalina.core.ApplicationContext.log ContextListener: contextInitialized()
14-Oct-2025 11:25:41.606 INFORMATION [main] org.apache.catalina.core.ApplicationContext.log SessionListener: contextInitialized()
14-Oct-2025 11:25:41.606 INFORMATION [main] org.apache.catalina.core.ApplicationContext.log ContextListener: attributeAdded('StockTicker', 'async.Stockticker@2c5157c9')
14-Oct-2025 11:49:35.215 INFORMATION [main] org.apache.catalina.core.ApplicationContext.log ContextListener: contextInitialized()
14-Oct-2025 11:49:35.215 INFORMATION [main] org.apache.catalina.core.ApplicationContext.log SessionListener: contextInitialized()
14-Oct-2025 11:49:35.217 INFORMATION [main] org.apache.catalina.core.ApplicationContext.log ContextListener: attributeAdded('StockTicker', 'async.Stockticker@704c3ca2')
14-Oct-2025 13:40:43.533 INFORMATION [main] org.apache.catalina.core.ApplicationContext.log ContextListener: contextInitialized()
14-Oct-2025 13:40:43.533 INFORMATION [main] org.apache.catalina.core.ApplicationContext.log SessionListener: contextInitialized()
14-Oct-2025 13:40:43.535 INFORMATION [main] org.apache.catalina.core.ApplicationContext.log ContextListener: attributeAdded('StockTicker', 'async.Stockticker@6a8b94b2')
14-Oct-2025 13:54:09.404 INFORMATION [main] org.apache.catalina.core.ApplicationContext.log ContextListener: contextInitialized()
14-Oct-2025 13:54:09.404 INFORMATION [main] org.apache.catalina.core.ApplicationContext.log SessionListener: contextInitialized()
14-Oct-2025 13:54:09.404 INFORMATION [main] org.apache.catalina.core.ApplicationContext.log ContextListener: attributeAdded('StockTicker', 'async.Stockticker@75ad7531')
14-Oct-2025 13:55:55.156 INFORMATION [main] org.apache.catalina.core.ApplicationContext.log SessionListener: contextDestroyed()
14-Oct-2025 13:55:55.156 INFORMATION [main] org.apache.catalina.core.ApplicationContext.log ContextListener: contextDestroyed()
14-Oct-2025 14:00:22.281 INFORMATION [main] org.apache.catalina.core.ApplicationContext.log ContextListener: contextInitialized()
14-Oct-2025 14:00:22.281 INFORMATION [main] org.apache.catalina.core.ApplicationContext.log SessionListener: contextInitialized()
14-Oct-2025 14:00:22.283 INFORMATION [main] org.apache.catalina.core.ApplicationContext.log ContextListener: attributeAdded('StockTicker', 'async.Stockticker@1dc9aba0')
14-Oct-2025 14:03:55.514 INFORMATION [main] org.apache.catalina.core.ApplicationContext.log SessionListener: contextDestroyed()
14-Oct-2025 14:03:55.514 INFORMATION [main] org.apache.catalina.core.ApplicationContext.log ContextListener: contextDestroyed()
14-Oct-2025 14:07:54.287 INFORMATION [main] org.apache.catalina.core.ApplicationContext.log ContextListener: contextInitialized()
14-Oct-2025 14:07:54.287 INFORMATION [main] org.apache.catalina.core.ApplicationContext.log SessionListener: contextInitialized()
14-Oct-2025 14:07:54.287 INFORMATION [main] org.apache.catalina.core.ApplicationContext.log ContextListener: attributeAdded('StockTicker', 'async.Stockticker@75ad7531')
14-Oct-2025 14:46:25.857 INFORMATION [main] org.apache.catalina.core.ApplicationContext.log ContextListener: contextInitialized()
14-Oct-2025 14:46:25.857 INFORMATION [main] org.apache.catalina.core.ApplicationContext.log SessionListener: contextInitialized()
14-Oct-2025 14:46:25.859 INFORMATION [main] org.apache.catalina.core.ApplicationContext.log ContextListener: attributeAdded('StockTicker', 'async.Stockticker@34989ceb')
14-Oct-2025 15:05:16.388 INFORMATION [main] org.apache.catalina.core.ApplicationContext.log ContextListener: contextInitialized()
14-Oct-2025 15:05:16.388 INFORMATION [main] org.apache.catalina.core.ApplicationContext.log SessionListener: contextInitialized()
14-Oct-2025 15:05:16.388 INFORMATION [main] org.apache.catalina.core.ApplicationContext.log ContextListener: attributeAdded('StockTicker', 'async.Stockticker@79378802')
14-Oct-2025 15:07:43.801 INFORMATION [main] org.apache.catalina.core.ApplicationContext.log SessionListener: contextDestroyed()
14-Oct-2025 15:07:43.801 INFORMATION [main] org.apache.catalina.core.ApplicationContext.log ContextListener: contextDestroyed()
14-Oct-2025 16:44:04.191 INFORMATION [main] org.apache.catalina.core.ApplicationContext.log ContextListener: contextInitialized()
14-Oct-2025 16:44:04.191 INFORMATION [main] org.apache.catalina.core.ApplicationContext.log SessionListener: contextInitialized()
14-Oct-2025 16:44:04.193 INFORMATION [main] org.apache.catalina.core.ApplicationContext.log ContextListener: attributeAdded('StockTicker', 'async.Stockticker@21339b6f')
14-Oct-2025 17:05:09.651 INFORMATION [main] org.apache.catalina.core.ApplicationContext.log ContextListener: contextInitialized()
14-Oct-2025 17:05:09.651 INFORMATION [main] org.apache.catalina.core.ApplicationContext.log SessionListener: contextInitialized()
14-Oct-2025 17:05:09.652 INFORMATION [main] org.apache.catalina.core.ApplicationContext.log ContextListener: attributeAdded('StockTicker', 'async.Stockticker@34989ceb')
14-Oct-2025 17:11:14.387 INFORMATION [main] org.apache.catalina.core.ApplicationContext.log ContextListener: contextInitialized()
14-Oct-2025 17:11:14.388 INFORMATION [main] org.apache.catalina.core.ApplicationContext.log SessionListener: contextInitialized()
14-Oct-2025 17:11:14.389 INFORMATION [main] org.apache.catalina.core.ApplicationContext.log ContextListener: attributeAdded('StockTicker', 'async.Stockticker@1ef6977b')
